16:09:21 INFO  : Registering command handlers for SDK TCF services
16:09:21 INFO  : Launching XSCT server: xsct.bat -interactive C:\Users\lab419_oh\Desktop\git\FPGA_Tutorial\ch4_ps\ch4_ps.sdk\temp_xsdb_launch_script.tcl
16:09:23 INFO  : XSCT server has started successfully.
16:09:24 INFO  : Successfully done setting XSCT server connection channel  
16:09:24 INFO  : Processing command line option -hwspec C:/Users/lab419_oh/Desktop/git/FPGA_Tutorial/ch4_ps/ch4_ps.sdk/system_wrapper.hdf.
16:09:24 INFO  : Successfully done setting SDK workspace  
16:11:07 INFO  : Connected to target on host '127.0.0.1' and port '3121'.
16:11:07 INFO  : 'targets -set -filter {jtag_cable_name =~ "Digilent JTAG-HS2 210249AE991E" && level==0} -index 1' command is executed.
16:11:11 INFO  : FPGA configured successfully with bitstream "C:/Users/lab419_oh/Desktop/git/FPGA_Tutorial/ch4_ps/ch4_ps.sdk/system_wrapper_hw_platform_0/system_wrapper.bit"
16:11:31 INFO  : 'targets -set -filter {jtag_cable_name =~ "Digilent JTAG-HS2 210249AE991E" && level==0} -index 1' command is executed.
16:11:31 INFO  : 'fpga -state' command is executed.
16:11:31 INFO  : Connected to target on host '127.0.0.1' and port '3121'.
16:11:31 INFO  : Jtag cable 'Digilent JTAG-HS2 210249AE991E' is selected.
16:11:31 INFO  : 'jtag frequency' command is executed.
16:11:31 INFO  : Sourcing of 'C:/Users/lab419_oh/Desktop/git/FPGA_Tutorial/ch4_ps/ch4_ps.sdk/system_wrapper_hw_platform_0/ps7_init.tcl' is done.
16:11:31 INFO  : Context for 'APU' is selected.
16:11:31 INFO  : Hardware design information is loaded from 'C:/Users/lab419_oh/Desktop/git/FPGA_Tutorial/ch4_ps/ch4_ps.sdk/system_wrapper_hw_platform_0/system.hdf'.
16:11:31 INFO  : 'configparams force-mem-access 1' command is executed.
16:11:31 INFO  : Context for 'APU' is selected.
16:11:31 INFO  : 'stop' command is executed.
16:11:32 INFO  : 'ps7_init' command is executed.
16:11:32 INFO  : 'ps7_post_config' command is executed.
16:11:32 INFO  : Context for processor 'ps7_cortexa9_0' is selected.
16:11:32 INFO  : Processor reset is completed for 'ps7_cortexa9_0'.
16:11:32 INFO  : Context for processor 'ps7_cortexa9_0' is selected.
16:11:32 INFO  : The application 'C:/Users/lab419_oh/Desktop/git/FPGA_Tutorial/ch4_ps/ch4_ps.sdk/HelloWorld/Debug/HelloWorld.elf' is downloaded to processor 'ps7_cortexa9_0'.
16:11:32 INFO  : 'configparams force-mem-access 0' command is executed.
16:11:32 INFO  : ----------------XSDB Script----------------
connect -url tcp:127.0.0.1:3121
source C:/Users/lab419_oh/Desktop/git/FPGA_Tutorial/ch4_ps/ch4_ps.sdk/system_wrapper_hw_platform_0/ps7_init.tcl
targets -set -nocase -filter {name =~"APU*" && jtag_cable_name =~ "Digilent JTAG-HS2 210249AE991E"} -index 0
loadhw -hw C:/Users/lab419_oh/Desktop/git/FPGA_Tutorial/ch4_ps/ch4_ps.sdk/system_wrapper_hw_platform_0/system.hdf -mem-ranges [list {0x40000000 0xbfffffff}]
configparams force-mem-access 1
targets -set -nocase -filter {name =~"APU*" && jtag_cable_name =~ "Digilent JTAG-HS2 210249AE991E"} -index 0
stop
ps7_init
ps7_post_config
targets -set -nocase -filter {name =~ "ARM*#0" && jtag_cable_name =~ "Digilent JTAG-HS2 210249AE991E"} -index 0
rst -processor
targets -set -nocase -filter {name =~ "ARM*#0" && jtag_cable_name =~ "Digilent JTAG-HS2 210249AE991E"} -index 0
dow C:/Users/lab419_oh/Desktop/git/FPGA_Tutorial/ch4_ps/ch4_ps.sdk/HelloWorld/Debug/HelloWorld.elf
configparams force-mem-access 0
----------------End of Script----------------

16:11:32 INFO  : Context for processor 'ps7_cortexa9_0' is selected.
16:11:32 INFO  : 'con' command is executed.
16:11:32 INFO  : ----------------XSDB Script (After Launch)----------------
targets -set -nocase -filter {name =~ "ARM*#0" && jtag_cable_name =~ "Digilent JTAG-HS2 210249AE991E"} -index 0
con
----------------End of Script----------------

16:11:32 INFO  : Disconnected from the channel tcfchan#1.
