#-----------------------------------------------------------
# Vivado v2018.3 (64-bit)
# SW Build 2405991 on Thu Dec  6 23:38:27 MST 2018
# IP Build 2404404 on Fri Dec  7 01:43:56 MST 2018
# Start of session at: Mon Jul 11 16:20:20 2022
# Process ID: 29748
# Current directory: C:/Users/lab419_oh/Desktop/git/FPGA_Tutorial/ch4_sd
# Command line: vivado.exe -gui_launcher_event rodinguilauncherevent32692 C:\Users\lab419_oh\Desktop\git\FPGA_Tutorial\ch4_sd\ch4_sd.xpr
# Log file: C:/Users/lab419_oh/Desktop/git/FPGA_Tutorial/ch4_sd/vivado.log
# Journal file: C:/Users/lab419_oh/Desktop/git/FPGA_Tutorial/ch4_sd\vivado.jou
#-----------------------------------------------------------
start_gui
open_project C:/Users/lab419_oh/Desktop/git/FPGA_Tutorial/ch4_sd/ch4_sd.xpr
Scanning sources...
Finished scanning sources
INFO: [IP_Flow 19-234] Refreshing IP repositories
INFO: [IP_Flow 19-1704] No user IP repositories specified
INFO: [IP_Flow 19-2313] Loaded Vivado IP repository 'C:/Xilinx/Vivado/2018.3/data/ip'.
open_project: Time (s): cpu = 00:00:11 ; elapsed = 00:00:06 . Memory (MB): peak = 777.375 ; gain = 169.023
update_compile_order -fileset sources_1
INFO: [Vivado 12-4158] Exported Hardware file is out of date. Exported hardware information may be inconsistent with respect to the current state of the design. It is recommended that you re-export the design and launch SDK otherwise SDK is launched with out of date hardware system file.
INFO: [Vivado 12-4158] Exported Hardware file is out of date. Exported hardware information may be inconsistent with respect to the current state of the design. It is recommended that you re-export the design and launch SDK otherwise SDK is launched with out of date hardware system file.
launch_sdk -workspace C:/Users/lab419_oh/Desktop/git/FPGA_Tutorial/ch4_sd/ch4_sd.sdk -hwspec C:/Users/lab419_oh/Desktop/git/FPGA_Tutorial/ch4_sd/ch4_sd.sdk/system_wrapper.hdf
INFO: [Vivado 12-393] Launching SDK...
INFO: [Vivado 12-417] Running xsdk -workspace C:/Users/lab419_oh/Desktop/git/FPGA_Tutorial/ch4_sd/ch4_sd.sdk -hwspec C:/Users/lab419_oh/Desktop/git/FPGA_Tutorial/ch4_sd/ch4_sd.sdk/system_wrapper.hdf
INFO: [Vivado 12-3157] SDK launch initiated. Please check console for any further messages.
exit
INFO: [Common 17-206] Exiting Vivado at Mon Jul 11 16:21:35 2022...
