#-----------------------------------------------------------
# Vivado v2018.3 (64-bit)
# SW Build 2405991 on Thu Dec  6 23:38:27 MST 2018
# IP Build 2404404 on Fri Dec  7 01:43:56 MST 2018
# Start of session at: Sun Jul 10 20:45:44 2022
# Process ID: 5836
# Current directory: C:/Users/lab419_oh/Desktop/git/FPGA_Tutorial/ch4_ps
# Command line: vivado.exe -gui_launcher_event rodinguilauncherevent5248 C:\Users\lab419_oh\Desktop\git\FPGA_Tutorial\ch4_ps\ch4_ps.xpr
# Log file: C:/Users/lab419_oh/Desktop/git/FPGA_Tutorial/ch4_ps/vivado.log
# Journal file: C:/Users/lab419_oh/Desktop/git/FPGA_Tutorial/ch4_ps\vivado.jou
#-----------------------------------------------------------
start_gui
open_project C:/Users/lab419_oh/Desktop/git/FPGA_Tutorial/ch4_ps/ch4_ps.xpr
Scanning sources...
Finished scanning sources
INFO: [IP_Flow 19-234] Refreshing IP repositories
INFO: [IP_Flow 19-1704] No user IP repositories specified
INFO: [IP_Flow 19-2313] Loaded Vivado IP repository 'C:/Xilinx/Vivado/2018.3/data/ip'.
INFO: [Project 1-230] Project 'ch4_ps.xpr' upgraded for this version of Vivado.
open_project: Time (s): cpu = 00:00:08 ; elapsed = 00:00:05 . Memory (MB): peak = 736.855 ; gain = 130.316
report_ip_status -name ip_status 
update_compile_order -fileset sources_1
exit
INFO: [Common 17-206] Exiting Vivado at Sun Jul 10 20:46:50 2022...
